<?xml version="1.0" encoding="UTF-8"?>
<testsuite name="Scenario: List of all of hotel within 10 miles radius of downtown" time="0.601" tests="8" errors="0" skipped="0" failures="0">
  <properties>
    <property name="java.vendor" value="Oracle Corporation"/>
    <property name="JOB_NAME" value="HotelProject"/>
    <property name="PWD" value="/Users/mm"/>
    <property name="sun.java.launcher" value="SUN_STANDARD"/>
    <property name="sun.management.compiler" value="HotSpot 64-Bit Tiered Compilers"/>
    <property name="JENKINS_HOME" value="/Users/mm/.jenkins"/>
    <property name="PATH" value="/Users/mm/.jenkins/tools/hudson.model.JDK/bin:/usr/local/bin:/usr/bin:/bin:/usr/sbin:/sbin:/usr/local/mysql/bin/"/>
    <property name="HUDSON_SERVER_COOKIE" value="fd41436e4bc7ff98"/>
    <property name="POM_ARTIFACTID" value="CucumberMarch_2020"/>
    <property name="os.name" value="Mac OS X"/>
    <property name="TERM_PROGRAM" value="Apple_Terminal"/>
    <property name="sun.boot.class.path" value="/Users/mm/.jenkins/tools/hudson.model.JDK/jre/lib/resources.jar:/Users/mm/.jenkins/tools/hudson.model.JDK/jre/lib/rt.jar:/Users/mm/.jenkins/tools/hudson.model.JDK/jre/lib/sunrsasign.jar:/Users/mm/.jenkins/tools/hudson.model.JDK/jre/lib/jsse.jar:/Users/mm/.jenkins/tools/hudson.model.JDK/jre/lib/jce.jar:/Users/mm/.jenkins/tools/hudson.model.JDK/jre/lib/charsets.jar:/Users/mm/.jenkins/tools/hudson.model.JDK/jre/lib/jfr.jar:/Users/mm/.jenkins/tools/hudson.model.JDK/jre/classes"/>
    <property name="EXECUTOR_NUMBER" value="1"/>
    <property name="TERM_SESSION_ID" value="609BEB72-272C-49E1-9DB4-F67621A25BF5"/>
    <property name="java.vm.specification.vendor" value="Oracle Corporation"/>
    <property name="POM_DISPLAYNAME" value="CucumberMarch_2020"/>
    <property name="NODE_LABELS" value="master"/>
    <property name="java.runtime.version" value="1.8.0_221-b11"/>
    <property name="JAVA_MAIN_CLASS_74360" value="Main"/>
    <property name="user.name" value="mm"/>
    <property name="guice.disable.misplaced.annotation.check" value="true"/>
    <property name="user.language" value="en"/>
    <property name="JOB_BASE_NAME" value="HotelProject"/>
    <property name="RUN_CHANGES_DISPLAY_URL" value="http://localhost:8080/job/HotelProject/16/display/redirect?page=changes"/>
    <property name="BUILD_DISPLAY_NAME" value="#16"/>
    <property name="TMPDIR" value="/var/folders/rl/g1v1d8vn2cs0ylyh6lmjlv980000gn/T/"/>
    <property name="sun.boot.library.path" value="/Users/mm/.jenkins/tools/hudson.model.JDK/jre/lib"/>
    <property name="java.version" value="1.8.0_221"/>
    <property name="XPC_FLAGS" value="0x0"/>
    <property name="user.timezone" value="America/New_York"/>
    <property name="sun.arch.data.model" value="64"/>
    <property name="NODE_NAME" value="master"/>
    <property name="TERM" value="xterm-256color"/>
    <property name="http.nonProxyHosts" value="local|*.local|169.254/16|*.169.254/16"/>
    <property name="java.endorsed.dirs" value="/Users/mm/.jenkins/tools/hudson.model.JDK/jre/lib/endorsed"/>
    <property name="BUILD_ID" value="16"/>
    <property name="sun.cpu.isalist" value=""/>
    <property name="sun.jnu.encoding" value="UTF-8"/>
    <property name="file.encoding.pkg" value="sun.io"/>
    <property name="SHELL" value="/bin/bash"/>
    <property name="file.separator" value="/"/>
    <property name="java.specification.name" value="Java Platform API Specification"/>
    <property name="maven.conf" value="/Users/mm/.jenkins/tools/hudson.tasks.Maven_MavenInstallation/tests/conf"/>
    <property name="java.class.version" value="52.0"/>
    <property name="org.slf4j.simpleLogger.defaultLogLevel" value="info"/>
    <property name="user.country" value="US"/>
    <property name="java.home" value="/Users/mm/.jenkins/tools/hudson.model.JDK/jre"/>
    <property name="java.vm.info" value="mixed mode"/>
    <property name="os.version" value="10.15.3"/>
    <property name="RUN_DISPLAY_URL" value="http://localhost:8080/job/HotelProject/16/display/redirect"/>
    <property name="POM_VERSION" value="1.0-SNAPSHOT"/>
    <property name="sun.font.fontmanager" value="sun.font.CFontManager"/>
    <property name="path.separator" value=":"/>
    <property name="java.vm.version" value="25.221-b11"/>
    <property name="JOB_DISPLAY_URL" value="http://localhost:8080/job/HotelProject/display/redirect"/>
    <property name="SHLVL" value="1"/>
    <property name="_" value="/usr/local/bin/jenkins-lts"/>
    <property name="java.awt.printerjob" value="sun.lwawt.macosx.CPrinterJob"/>
    <property name="JAVA_HOME" value="/Users/mm/.jenkins/tools/hudson.model.JDK"/>
    <property name="sun.io.unicode.encoding" value="UnicodeBig"/>
    <property name="awt.toolkit" value="sun.lwawt.macosx.LWCToolkit"/>
    <property name="LOGNAME" value="mm"/>
    <property name="socksNonProxyHosts" value="local|*.local|169.254/16|*.169.254/16"/>
    <property name="POM_PACKAGING" value="jar"/>
    <property name="ftp.nonProxyHosts" value="local|*.local|169.254/16|*.169.254/16"/>
    <property name="HOME" value="/Users/mm"/>
    <property name="POM_GROUPID" value="org.example"/>
    <property name="user.home" value="/Users/mm"/>
    <property name="BUILD_TAG" value="jenkins-HotelProject-16"/>
    <property name="JENKINS_SERVER_COOKIE" value="fd41436e4bc7ff98"/>
    <property name="HUDSON_URL" value="http://localhost:8080/"/>
    <property name="XPC_SERVICE_NAME" value="0"/>
    <property name="java.specification.vendor" value="Oracle Corporation"/>
    <property name="CLASSPATH" value=""/>
    <property name="java.vendor.url" value="http://java.oracle.com/"/>
    <property name="java.library.path" value="/Users/mm/Library/Java/Extensions:/Library/Java/Extensions:/Network/Library/Java/Extensions:/System/Library/Java/Extensions:/usr/lib/java:."/>
    <property name="gopherProxySet" value="false"/>
    <property name="java.vm.vendor" value="Oracle Corporation"/>
    <property name="java.runtime.name" value="Java(TM) SE Runtime Environment"/>
    <property name="maven.home" value="/Users/mm/.jenkins/tools/hudson.tasks.Maven_MavenInstallation/tests"/>
    <property name="java.class.path" value="/Users/mm/.jenkins/plugins/maven-plugin/WEB-INF/lib/maven35-agent-1.13.jar:/Users/mm/.jenkins/tools/hudson.tasks.Maven_MavenInstallation/tests/boot/plexus-classworlds-2.6.0.jar:/Users/mm/.jenkins/tools/hudson.tasks.Maven_MavenInstallation/tests/conf/logging"/>
    <property name="sun.java.command" value="jenkins.maven3.agent.Maven35Main /Users/mm/.jenkins/tools/hudson.tasks.Maven_MavenInstallation/tests /Users/mm/.jenkins/war/WEB-INF/lib/remoting-4.2.jar /Users/mm/.jenkins/plugins/maven-plugin/WEB-INF/lib/maven35-interceptor-1.13.jar /Users/mm/.jenkins/plugins/maven-plugin/WEB-INF/lib/maven3-interceptor-commons-1.13.jar 53567"/>
    <property name="java.vm.specification.name" value="Java Virtual Machine Specification"/>
    <property name="PATH+JDK" value="/Users/mm/.jenkins/tools/hudson.model.JDK/bin"/>
    <property name="java.vm.specification.version" value="1.8"/>
    <property name="sun.os.patch.level" value="unknown"/>
    <property name="sun.cpu.endian" value="little"/>
    <property name="M2_HOME" value="/Users/mm/.jenkins/tools/hudson.tasks.Maven_MavenInstallation/tests"/>
    <property name="java.io.tmpdir" value="/var/folders/rl/g1v1d8vn2cs0ylyh6lmjlv980000gn/T/"/>
    <property name="HUDSON_HOME" value="/Users/mm/.jenkins"/>
    <property name="PATH+MAVEN" value="/Users/mm/.jenkins/tools/hudson.tasks.Maven_MavenInstallation/tests/bin"/>
    <property name="BUILD_URL" value="http://localhost:8080/job/HotelProject/16/"/>
    <property name="java.vendor.url.bug" value="http://bugreport.sun.com/bugreport/"/>
    <property name="SSH_AUTH_SOCK" value="/private/tmp/com.apple.launchd.0UF7LQmTcH/Listeners"/>
    <property name="java.awt.graphicsenv" value="sun.awt.CGraphicsEnvironment"/>
    <property name="os.arch" value="x86_64"/>
    <property name="java.ext.dirs" value="/Users/mm/Library/Java/Extensions:/Users/mm/.jenkins/tools/hudson.model.JDK/jre/lib/ext:/Library/Java/Extensions:/Network/Library/Java/Extensions:/System/Library/Java/Extensions:/usr/lib/java"/>
    <property name="__CF_USER_TEXT_ENCODING" value="0x1F5:0x0:0x0"/>
    <property name="user.dir" value="/Users/mm/Downloads/hotelsApril2020"/>
    <property name="JOB_URL" value="http://localhost:8080/job/HotelProject/"/>
    <property name="line.separator" value="&#10;"/>
    <property name="MAVEN_HOME" value="/Users/mm/.jenkins/tools/hudson.tasks.Maven_MavenInstallation/tests"/>
    <property name="java.vm.name" value="Java HotSpot(TM) 64-Bit Server VM"/>
    <property name="BUILD_NUMBER" value="16"/>
    <property name="JENKINS_URL" value="http://localhost:8080/"/>
    <property name="TERM_PROGRAM_VERSION" value="433"/>
    <property name="file.encoding" value="UTF-8"/>
    <property name="LANG" value="en_US.UTF-8"/>
    <property name="maven3.interceptor" value="/Users/mm/.jenkins/plugins/maven-plugin/WEB-INF/lib/maven35-interceptor-1.13.jar"/>
    <property name="WORKSPACE_TMP" value="/Users/mm/.jenkins/workspace/HotelProject@tmp"/>
    <property name="WORKSPACE" value="/Users/mm/.jenkins/workspace/HotelProject"/>
    <property name="maven3.interceptor.common" value="/Users/mm/.jenkins/plugins/maven-plugin/WEB-INF/lib/maven3-interceptor-commons-1.13.jar"/>
    <property name="java.specification.version" value="1.8"/>
    <property name="USER" value="mm"/>
  </properties>
  <testcase name="Given I am on default location search locations screen" classname="Scenario: List of all of hotel within 10 miles radius of downtown" time="0.244"/>
  <testcase name="When I enter Cincinnati and select CityName field on the homepage page" classname="Scenario: List of all of hotel within 10 miles radius of downtown" time="0.001"/>
  <testcase name="And I enter 05/07/20 and select CheckIn field on the homepage page" classname="Scenario: List of all of hotel within 10 miles radius of downtown" time="0.007"/>
  <testcase name="And I enter 05/09/20 and select CheckOut field on the homepage page" classname="Scenario: List of all of hotel within 10 miles radius of downtown" time="0"/>
  <testcase name="And I enter 1 and select Rooms field on the homepage page" classname="Scenario: List of all of hotel within 10 miles radius of downtown" time="0"/>
  <testcase name="And I select system displays all hotels within 10 or less mile radius of downtown" classname="Scenario: List of all of hotel within 10 miles radius of downtown" time="0.004"/>
  <testcase name="Then I select all Hilton hotels from previous list" classname="Scenario: List of all of hotel within 10 miles radius of downtown" time="0.001"/>
  <testcase name="Scenario: List of all of hotel within 10 miles radius of downtown" classname="Scenario: List of all of hotel within 10 miles radius of downtown" time="0.344"/>
</testsuite>